<?xml version="1.0" encoding="UTF-8" ?>
<testsuites>
  <testsuite errors="0" failures="0" hostname="Tigrans-MacBook-Air.local" id="0" name="ExtractTest" package="twitter" skipped="0" tests="3" time="0.236" timestamp="2021-04-11T05:29:00">
      <properties>
          <property name="gopherProxySet" value="false" />

          <property name="ant.library.dir" value="/Applications/IntelliJ IDEA CE.app/Contents/lib/ant/lib" />

          <property name="awt.toolkit" value="sun.lwawt.macosx.LWCToolkit" />

          <property name="ant.file.type" value="file" />

          <property name="java.specification.version" value="11" />

          <property name="sun.cpu.isalist" value="" />

          <property name="sun.jnu.encoding" value="UTF-8" />

          <property name="which.tests.ran" value="BETA" />

          <property name="java.class.path" value="/Users/tigran/Desktop/mit-6.005/tweet/lib/junit-4.12.jar:/Users/tigran/Desktop/mit-6.005/tweet/lib/hamcrest-core-1.3.jar:/Users/tigran/Desktop/mit-6.005/tweet/.grader/bin-tests-student:/Users/tigran/Desktop/mit-6.005/tweet/.grader/bin-impls-student:/Applications/IntelliJ IDEA CE.app/Contents/lib/ant/lib/ant-launcher.jar:/Applications/IntelliJ IDEA CE.app/Contents/lib/ant/lib/ant.jar:/Applications/IntelliJ IDEA CE.app/Contents/lib/ant/lib/ant-junit.jar:/Applications/IntelliJ IDEA CE.app/Contents/lib/ant/lib/ant-junit4.jar" />

          <property name="project.name" value="ps2-tweets" />

          <property name="java.vm.vendor" value="Oracle Corporation" />

          <property name="sun.arch.data.model" value="64" />

          <property name="java.vendor.url" value="https://openjdk.java.net/" />

          <property name="user.timezone" value="" />

          <property name="os.name" value="Mac OS X" />

          <property name="build.sysclasspath" value="ignore" />

          <property name="java.vm.specification.version" value="11" />

          <property name="user.country" value="AM" />

          <property name="sun.java.launcher" value="SUN_STANDARD" />

          <property name="sun.boot.library.path" value="/Library/Java/JavaVirtualMachines/jdk-11.0.9.jdk/Contents/Home/lib" />

          <property name="problem.set" value="ps2" />

          <property name="sun.java.command" value="org.apache.tools.ant.taskdefs.optional.junit.JUnitTestRunner twitter.ExtractTest skipNonTests=false filtertrace=true haltOnError=false haltOnFailure=false showoutput=false outputtoformatters=true logfailedtests=true threadid=0 logtestlistenerevents=false formatter=org.apache.tools.ant.taskdefs.optional.junit.XMLJUnitResultFormatter,/Users/tigran/Desktop/mit-6.005/tweet/.grader/TEST-twitter.ExtractTest.xml crashfile=/Users/tigran/Desktop/mit-6.005/tweet/.grader/junitvmwatcher1484326773462439964.properties propsfile=/Users/tigran/Desktop/mit-6.005/tweet/.grader/junit15846795296528631981.properties" />

          <property name="zipfile" value="my-submission.zip" />

          <property name="http.nonProxyHosts" value="local|*.local|169.254/16|*.169.254/16" />

          <property name="jdk.debug" value="release" />

          <property name="beta.grader.jar" value="ps2-beta-grader.jar" />

          <property name="sun.cpu.endian" value="little" />

          <property name="user.home" value="/Users/tigran" />

          <property name="user.language" value="en" />

          <property name="grader.report.file" value="my-grader-report.xml" />

          <property name="java.specification.vendor" value="Oracle Corporation" />

          <property name="java.version.date" value="2020-10-20" />

          <property name="java.home" value="/Library/Java/JavaVirtualMachines/jdk-11.0.9.jdk/Contents/Home" />

          <property name="basedir" value="/Users/tigran/Desktop/mit-6.005/tweet" />

          <property name="file.separator" value="/" />

          <property name="java.vm.compressedOopsMode" value="Zero based" />

          <property name="line.separator" value="&#xa;" />

          <property name="ant.java.version" value="11" />

          <property name="java.specification.name" value="Java Platform API Specification" />

          <property name="java.vm.specification.vendor" value="Oracle Corporation" />

          <property name="final.grader.jar" value="ps2-final-grader.jar" />

          <property name="java.awt.graphicsenv" value="sun.awt.CGraphicsEnvironment" />

          <property name="sun.management.compiler" value="HotSpot 64-Bit Tiered Compilers" />

          <property name="ftp.nonProxyHosts" value="local|*.local|169.254/16|*.169.254/16" />

          <property name="java.runtime.version" value="11.0.9+7-LTS" />

          <property name="user.name" value="tigran" />

          <property name="ant.file" value="/Users/tigran/Desktop/mit-6.005/tweet/grader.xml" />

          <property name="path.separator" value=":" />

          <property name="os.version" value="10.15.7" />

          <property name="ant.build.javac.target" value="1.8" />

          <property name="java.runtime.name" value="Java(TM) SE Runtime Environment" />

          <property name="file.encoding" value="UTF-8" />

          <property name="ant.project.invoked-targets" value="all" />

          <property name="java.vm.name" value="Java HotSpot(TM) 64-Bit Server VM" />

          <property name="java.vendor.version" value="18.9" />

          <property name="didit.desc" value="Running your tests on your implementation." />

          <property name="ant.core.lib" value="/Applications/IntelliJ IDEA CE.app/Contents/lib/ant/lib/ant.jar" />

          <property name="java.vendor.url.bug" value="https://bugreport.java.com/bugreport/" />

          <property name="java.io.tmpdir" value="/var/folders/cc/lys7jfx96ygb8_g5ll_yyb_40000gn/T/" />

          <property name="java.version" value="11.0.9" />

          <property name="user.dir" value="/Users/tigran/Desktop/mit-6.005/tweet" />

          <property name="os.arch" value="x86_64" />

          <property name="grader.dir" value=".grader" />

          <property name="java.vm.specification.name" value="Java Virtual Machine Specification" />

          <property name="java.awt.printerjob" value="sun.lwawt.macosx.CPrinterJob" />

          <property name="ant.home" value="/Applications/IntelliJ IDEA CE.app/Contents/lib/ant" />

          <property name="sun.os.patch.level" value="unknown" />

          <property name="ant.version" value="Apache Ant(TM) version 1.10.5 compiled on July 10 2018" />

          <property name="java.library.path" value="/Users/tigran/Library/Java/Extensions:/Library/Java/Extensions:/Network/Library/Java/Extensions:/System/Library/Java/Extensions:/usr/lib/java:." />

          <property name="java.vendor" value="Oracle Corporation" />

          <property name="java.vm.info" value="mixed mode" />

          <property name="java.vm.version" value="11.0.9+7-LTS" />

          <property name="sun.io.unicode.encoding" value="UnicodeBig" />

          <property name="socksNonProxyHosts" value="local|*.local|169.254/16|*.169.254/16" />

          <property name="java.class.version" value="55.0" />

          <property name="ant.project.default-target" value="all" />

      </properties>

      <testcase classname="twitter.ExtractTest" name="testGetMentionedUsersNoMention" time="0.003" />

      <testcase classname="twitter.ExtractTest" name="testGetTimespanTwoTweets" time="0.001" />

      <testcase classname="twitter.ExtractTest" name="testAssertionsEnabled" time="0.0" />

      <system-out><![CDATA[[(1 2016-02-17T10:00:00Z @alyssa) is it reasonable to talk about rivest so much?]
]]></system-out>

      <system-err><![CDATA[]]></system-err>

  </testsuite>
  <testsuite errors="3" failures="0" hostname="Tigrans-MacBook-Air.local" id="1" name="FilterTest" package="twitter" skipped="0" tests="4" time="0.276" timestamp="2021-04-11T05:29:00">
      <properties>
          <property name="gopherProxySet" value="false" />

          <property name="ant.library.dir" value="/Applications/IntelliJ IDEA CE.app/Contents/lib/ant/lib" />

          <property name="awt.toolkit" value="sun.lwawt.macosx.LWCToolkit" />

          <property name="ant.file.type" value="file" />

          <property name="java.specification.version" value="11" />

          <property name="sun.cpu.isalist" value="" />

          <property name="sun.jnu.encoding" value="UTF-8" />

          <property name="which.tests.ran" value="BETA" />

          <property name="java.class.path" value="/Users/tigran/Desktop/mit-6.005/tweet/lib/junit-4.12.jar:/Users/tigran/Desktop/mit-6.005/tweet/lib/hamcrest-core-1.3.jar:/Users/tigran/Desktop/mit-6.005/tweet/.grader/bin-tests-student:/Users/tigran/Desktop/mit-6.005/tweet/.grader/bin-impls-student:/Applications/IntelliJ IDEA CE.app/Contents/lib/ant/lib/ant-launcher.jar:/Applications/IntelliJ IDEA CE.app/Contents/lib/ant/lib/ant.jar:/Applications/IntelliJ IDEA CE.app/Contents/lib/ant/lib/ant-junit.jar:/Applications/IntelliJ IDEA CE.app/Contents/lib/ant/lib/ant-junit4.jar" />

          <property name="project.name" value="ps2-tweets" />

          <property name="java.vm.vendor" value="Oracle Corporation" />

          <property name="sun.arch.data.model" value="64" />

          <property name="java.vendor.url" value="https://openjdk.java.net/" />

          <property name="user.timezone" value="" />

          <property name="os.name" value="Mac OS X" />

          <property name="build.sysclasspath" value="ignore" />

          <property name="java.vm.specification.version" value="11" />

          <property name="user.country" value="AM" />

          <property name="sun.java.launcher" value="SUN_STANDARD" />

          <property name="sun.boot.library.path" value="/Library/Java/JavaVirtualMachines/jdk-11.0.9.jdk/Contents/Home/lib" />

          <property name="problem.set" value="ps2" />

          <property name="sun.java.command" value="org.apache.tools.ant.taskdefs.optional.junit.JUnitTestRunner twitter.FilterTest skipNonTests=false filtertrace=true haltOnError=false haltOnFailure=false showoutput=false outputtoformatters=true logfailedtests=true threadid=0 logtestlistenerevents=false formatter=org.apache.tools.ant.taskdefs.optional.junit.XMLJUnitResultFormatter,/Users/tigran/Desktop/mit-6.005/tweet/.grader/TEST-twitter.FilterTest.xml crashfile=/Users/tigran/Desktop/mit-6.005/tweet/.grader/junitvmwatcher12005435653879250366.properties propsfile=/Users/tigran/Desktop/mit-6.005/tweet/.grader/junit4978901560510368708.properties" />

          <property name="zipfile" value="my-submission.zip" />

          <property name="http.nonProxyHosts" value="local|*.local|169.254/16|*.169.254/16" />

          <property name="jdk.debug" value="release" />

          <property name="beta.grader.jar" value="ps2-beta-grader.jar" />

          <property name="sun.cpu.endian" value="little" />

          <property name="user.home" value="/Users/tigran" />

          <property name="user.language" value="en" />

          <property name="grader.report.file" value="my-grader-report.xml" />

          <property name="java.specification.vendor" value="Oracle Corporation" />

          <property name="java.version.date" value="2020-10-20" />

          <property name="java.home" value="/Library/Java/JavaVirtualMachines/jdk-11.0.9.jdk/Contents/Home" />

          <property name="basedir" value="/Users/tigran/Desktop/mit-6.005/tweet" />

          <property name="file.separator" value="/" />

          <property name="java.vm.compressedOopsMode" value="Zero based" />

          <property name="line.separator" value="&#xa;" />

          <property name="ant.java.version" value="11" />

          <property name="java.specification.name" value="Java Platform API Specification" />

          <property name="java.vm.specification.vendor" value="Oracle Corporation" />

          <property name="final.grader.jar" value="ps2-final-grader.jar" />

          <property name="java.awt.graphicsenv" value="sun.awt.CGraphicsEnvironment" />

          <property name="sun.management.compiler" value="HotSpot 64-Bit Tiered Compilers" />

          <property name="ftp.nonProxyHosts" value="local|*.local|169.254/16|*.169.254/16" />

          <property name="java.runtime.version" value="11.0.9+7-LTS" />

          <property name="user.name" value="tigran" />

          <property name="ant.file" value="/Users/tigran/Desktop/mit-6.005/tweet/grader.xml" />

          <property name="path.separator" value=":" />

          <property name="os.version" value="10.15.7" />

          <property name="ant.build.javac.target" value="1.8" />

          <property name="java.runtime.name" value="Java(TM) SE Runtime Environment" />

          <property name="file.encoding" value="UTF-8" />

          <property name="ant.project.invoked-targets" value="all" />

          <property name="java.vm.name" value="Java HotSpot(TM) 64-Bit Server VM" />

          <property name="java.vendor.version" value="18.9" />

          <property name="didit.desc" value="Running your tests on your implementation." />

          <property name="ant.core.lib" value="/Applications/IntelliJ IDEA CE.app/Contents/lib/ant/lib/ant.jar" />

          <property name="java.vendor.url.bug" value="https://bugreport.java.com/bugreport/" />

          <property name="java.io.tmpdir" value="/var/folders/cc/lys7jfx96ygb8_g5ll_yyb_40000gn/T/" />

          <property name="java.version" value="11.0.9" />

          <property name="user.dir" value="/Users/tigran/Desktop/mit-6.005/tweet" />

          <property name="os.arch" value="x86_64" />

          <property name="grader.dir" value=".grader" />

          <property name="java.vm.specification.name" value="Java Virtual Machine Specification" />

          <property name="java.awt.printerjob" value="sun.lwawt.macosx.CPrinterJob" />

          <property name="ant.home" value="/Applications/IntelliJ IDEA CE.app/Contents/lib/ant" />

          <property name="sun.os.patch.level" value="unknown" />

          <property name="ant.version" value="Apache Ant(TM) version 1.10.5 compiled on July 10 2018" />

          <property name="java.library.path" value="/Users/tigran/Library/Java/Extensions:/Library/Java/Extensions:/Network/Library/Java/Extensions:/System/Library/Java/Extensions:/usr/lib/java:." />

          <property name="java.vendor" value="Oracle Corporation" />

          <property name="java.vm.info" value="mixed mode" />

          <property name="java.vm.version" value="11.0.9+7-LTS" />

          <property name="sun.io.unicode.encoding" value="UnicodeBig" />

          <property name="socksNonProxyHosts" value="local|*.local|169.254/16|*.169.254/16" />

          <property name="java.class.version" value="55.0" />

          <property name="ant.project.default-target" value="all" />

      </properties>

      <testcase classname="twitter.FilterTest" name="testContaining" time="0.012">
          <error message="not implemented" type="java.lang.RuntimeException">java.lang.RuntimeException: not implemented
	at twitter.Filter.containing(Filter.java:60)
	at twitter.FilterTest.testContaining(FilterTest.java:51)
	at java.base/jdk.internal.reflect.NativeMethodAccessorImpl.invoke0(Native Method)
	at java.base/jdk.internal.reflect.NativeMethodAccessorImpl.invoke(NativeMethodAccessorImpl.java:62)
	at java.base/jdk.internal.reflect.DelegatingMethodAccessorImpl.invoke(DelegatingMethodAccessorImpl.java:43)
</error>

      </testcase>

      <testcase classname="twitter.FilterTest" name="testAssertionsEnabled" time="0.0" />

      <testcase classname="twitter.FilterTest" name="testWrittenByMultipleTweetsSingleResult" time="0.002">
          <error message="not implemented" type="java.lang.RuntimeException">java.lang.RuntimeException: not implemented
	at twitter.Filter.writtenBy(Filter.java:27)
	at twitter.FilterTest.testWrittenByMultipleTweetsSingleResult(FilterTest.java:31)
	at java.base/jdk.internal.reflect.NativeMethodAccessorImpl.invoke0(Native Method)
	at java.base/jdk.internal.reflect.NativeMethodAccessorImpl.invoke(NativeMethodAccessorImpl.java:62)
	at java.base/jdk.internal.reflect.DelegatingMethodAccessorImpl.invoke(DelegatingMethodAccessorImpl.java:43)
</error>

      </testcase>

      <testcase classname="twitter.FilterTest" name="testInTimespanMultipleTweetsMultipleResults" time="0.003">
          <error message="not implemented" type="java.lang.RuntimeException">java.lang.RuntimeException: not implemented
	at twitter.Filter.inTimespan(Filter.java:41)
	at twitter.FilterTest.testInTimespanMultipleTweetsMultipleResults(FilterTest.java:42)
	at java.base/jdk.internal.reflect.NativeMethodAccessorImpl.invoke0(Native Method)
	at java.base/jdk.internal.reflect.NativeMethodAccessorImpl.invoke(NativeMethodAccessorImpl.java:62)
	at java.base/jdk.internal.reflect.DelegatingMethodAccessorImpl.invoke(DelegatingMethodAccessorImpl.java:43)
</error>

      </testcase>

      <system-out><![CDATA[]]></system-out>

      <system-err><![CDATA[]]></system-err>

  </testsuite>
  <testsuite errors="2" failures="0" hostname="Tigrans-MacBook-Air.local" id="2" name="SocialNetworkTest" package="twitter" skipped="0" tests="3" time="0.234" timestamp="2021-04-11T05:29:01">
      <properties>
          <property name="gopherProxySet" value="false" />

          <property name="ant.library.dir" value="/Applications/IntelliJ IDEA CE.app/Contents/lib/ant/lib" />

          <property name="awt.toolkit" value="sun.lwawt.macosx.LWCToolkit" />

          <property name="ant.file.type" value="file" />

          <property name="java.specification.version" value="11" />

          <property name="sun.cpu.isalist" value="" />

          <property name="sun.jnu.encoding" value="UTF-8" />

          <property name="which.tests.ran" value="BETA" />

          <property name="java.class.path" value="/Users/tigran/Desktop/mit-6.005/tweet/lib/junit-4.12.jar:/Users/tigran/Desktop/mit-6.005/tweet/lib/hamcrest-core-1.3.jar:/Users/tigran/Desktop/mit-6.005/tweet/.grader/bin-tests-student:/Users/tigran/Desktop/mit-6.005/tweet/.grader/bin-impls-student:/Applications/IntelliJ IDEA CE.app/Contents/lib/ant/lib/ant-launcher.jar:/Applications/IntelliJ IDEA CE.app/Contents/lib/ant/lib/ant.jar:/Applications/IntelliJ IDEA CE.app/Contents/lib/ant/lib/ant-junit.jar:/Applications/IntelliJ IDEA CE.app/Contents/lib/ant/lib/ant-junit4.jar" />

          <property name="project.name" value="ps2-tweets" />

          <property name="java.vm.vendor" value="Oracle Corporation" />

          <property name="sun.arch.data.model" value="64" />

          <property name="java.vendor.url" value="https://openjdk.java.net/" />

          <property name="user.timezone" value="" />

          <property name="os.name" value="Mac OS X" />

          <property name="build.sysclasspath" value="ignore" />

          <property name="java.vm.specification.version" value="11" />

          <property name="user.country" value="AM" />

          <property name="sun.java.launcher" value="SUN_STANDARD" />

          <property name="sun.boot.library.path" value="/Library/Java/JavaVirtualMachines/jdk-11.0.9.jdk/Contents/Home/lib" />

          <property name="problem.set" value="ps2" />

          <property name="sun.java.command" value="org.apache.tools.ant.taskdefs.optional.junit.JUnitTestRunner twitter.SocialNetworkTest skipNonTests=false filtertrace=true haltOnError=false haltOnFailure=false showoutput=false outputtoformatters=true logfailedtests=true threadid=0 logtestlistenerevents=false formatter=org.apache.tools.ant.taskdefs.optional.junit.XMLJUnitResultFormatter,/Users/tigran/Desktop/mit-6.005/tweet/.grader/TEST-twitter.SocialNetworkTest.xml crashfile=/Users/tigran/Desktop/mit-6.005/tweet/.grader/junitvmwatcher13235201513612444083.properties propsfile=/Users/tigran/Desktop/mit-6.005/tweet/.grader/junit14096590724364792540.properties" />

          <property name="zipfile" value="my-submission.zip" />

          <property name="http.nonProxyHosts" value="local|*.local|169.254/16|*.169.254/16" />

          <property name="jdk.debug" value="release" />

          <property name="beta.grader.jar" value="ps2-beta-grader.jar" />

          <property name="sun.cpu.endian" value="little" />

          <property name="user.home" value="/Users/tigran" />

          <property name="user.language" value="en" />

          <property name="grader.report.file" value="my-grader-report.xml" />

          <property name="java.specification.vendor" value="Oracle Corporation" />

          <property name="java.version.date" value="2020-10-20" />

          <property name="java.home" value="/Library/Java/JavaVirtualMachines/jdk-11.0.9.jdk/Contents/Home" />

          <property name="basedir" value="/Users/tigran/Desktop/mit-6.005/tweet" />

          <property name="file.separator" value="/" />

          <property name="java.vm.compressedOopsMode" value="Zero based" />

          <property name="line.separator" value="&#xa;" />

          <property name="ant.java.version" value="11" />

          <property name="java.specification.name" value="Java Platform API Specification" />

          <property name="java.vm.specification.vendor" value="Oracle Corporation" />

          <property name="final.grader.jar" value="ps2-final-grader.jar" />

          <property name="java.awt.graphicsenv" value="sun.awt.CGraphicsEnvironment" />

          <property name="sun.management.compiler" value="HotSpot 64-Bit Tiered Compilers" />

          <property name="ftp.nonProxyHosts" value="local|*.local|169.254/16|*.169.254/16" />

          <property name="java.runtime.version" value="11.0.9+7-LTS" />

          <property name="user.name" value="tigran" />

          <property name="ant.file" value="/Users/tigran/Desktop/mit-6.005/tweet/grader.xml" />

          <property name="path.separator" value=":" />

          <property name="os.version" value="10.15.7" />

          <property name="ant.build.javac.target" value="1.8" />

          <property name="java.runtime.name" value="Java(TM) SE Runtime Environment" />

          <property name="file.encoding" value="UTF-8" />

          <property name="ant.project.invoked-targets" value="all" />

          <property name="java.vm.name" value="Java HotSpot(TM) 64-Bit Server VM" />

          <property name="java.vendor.version" value="18.9" />

          <property name="didit.desc" value="Running your tests on your implementation." />

          <property name="ant.core.lib" value="/Applications/IntelliJ IDEA CE.app/Contents/lib/ant/lib/ant.jar" />

          <property name="java.vendor.url.bug" value="https://bugreport.java.com/bugreport/" />

          <property name="java.io.tmpdir" value="/var/folders/cc/lys7jfx96ygb8_g5ll_yyb_40000gn/T/" />

          <property name="java.version" value="11.0.9" />

          <property name="user.dir" value="/Users/tigran/Desktop/mit-6.005/tweet" />

          <property name="os.arch" value="x86_64" />

          <property name="grader.dir" value=".grader" />

          <property name="java.vm.specification.name" value="Java Virtual Machine Specification" />

          <property name="java.awt.printerjob" value="sun.lwawt.macosx.CPrinterJob" />

          <property name="ant.home" value="/Applications/IntelliJ IDEA CE.app/Contents/lib/ant" />

          <property name="sun.os.patch.level" value="unknown" />

          <property name="ant.version" value="Apache Ant(TM) version 1.10.5 compiled on July 10 2018" />

          <property name="java.library.path" value="/Users/tigran/Library/Java/Extensions:/Library/Java/Extensions:/Network/Library/Java/Extensions:/System/Library/Java/Extensions:/usr/lib/java:." />

          <property name="java.vendor" value="Oracle Corporation" />

          <property name="java.vm.info" value="mixed mode" />

          <property name="java.vm.version" value="11.0.9+7-LTS" />

          <property name="sun.io.unicode.encoding" value="UnicodeBig" />

          <property name="socksNonProxyHosts" value="local|*.local|169.254/16|*.169.254/16" />

          <property name="java.class.version" value="55.0" />

          <property name="ant.project.default-target" value="all" />

      </properties>

      <testcase classname="twitter.SocialNetworkTest" name="testGuessFollowsGraphEmpty" time="0.011">
          <error message="not implemented" type="java.lang.RuntimeException">java.lang.RuntimeException: not implemented
	at twitter.SocialNetwork.guessFollowsGraph(SocialNetwork.java:41)
	at twitter.SocialNetworkTest.testGuessFollowsGraphEmpty(SocialNetworkTest.java:27)
	at java.base/jdk.internal.reflect.NativeMethodAccessorImpl.invoke0(Native Method)
	at java.base/jdk.internal.reflect.NativeMethodAccessorImpl.invoke(NativeMethodAccessorImpl.java:62)
	at java.base/jdk.internal.reflect.DelegatingMethodAccessorImpl.invoke(DelegatingMethodAccessorImpl.java:43)
</error>

      </testcase>

      <testcase classname="twitter.SocialNetworkTest" name="testAssertionsEnabled" time="0.0" />

      <testcase classname="twitter.SocialNetworkTest" name="testInfluencersEmpty" time="0.001">
          <error message="not implemented" type="java.lang.RuntimeException">java.lang.RuntimeException: not implemented
	at twitter.SocialNetwork.influencers(SocialNetwork.java:54)
	at twitter.SocialNetworkTest.testInfluencersEmpty(SocialNetworkTest.java:35)
	at java.base/jdk.internal.reflect.NativeMethodAccessorImpl.invoke0(Native Method)
	at java.base/jdk.internal.reflect.NativeMethodAccessorImpl.invoke(NativeMethodAccessorImpl.java:62)
	at java.base/jdk.internal.reflect.DelegatingMethodAccessorImpl.invoke(DelegatingMethodAccessorImpl.java:43)
</error>

      </testcase>

      <system-out><![CDATA[]]></system-out>

      <system-err><![CDATA[]]></system-err>

  </testsuite>
  <testsuite errors="0" failures="0" hostname="Tigrans-MacBook-Air.local" id="3" name="ExtractTestRunner" package="twitter.staff" skipped="0" tests="1" time="0.28" timestamp="2021-04-11T05:29:02">
      <properties>
          <property name="gopherProxySet" value="false" />

          <property name="ant.library.dir" value="/Applications/IntelliJ IDEA CE.app/Contents/lib/ant/lib" />

          <property name="awt.toolkit" value="sun.lwawt.macosx.LWCToolkit" />

          <property name="ant.file.type" value="file" />

          <property name="java.specification.version" value="11" />

          <property name="sun.cpu.isalist" value="" />

          <property name="sun.jnu.encoding" value="UTF-8" />

          <property name="which.tests.ran" value="BETA" />

          <property name="java.class.path" value="/Users/tigran/Desktop/mit-6.005/tweet/lib/junit-4.12.jar:/Users/tigran/Desktop/mit-6.005/tweet/lib/hamcrest-core-1.3.jar:/Users/tigran/Desktop/mit-6.005/tweet/.grader/bin-impls-empty:/Users/tigran/Desktop/mit-6.005/tweet/.grader/bin-impls-staff:/Users/tigran/Desktop/mit-6.005/tweet/.grader/bin-tests-student:/Applications/IntelliJ IDEA CE.app/Contents/lib/ant/lib/ant-launcher.jar:/Applications/IntelliJ IDEA CE.app/Contents/lib/ant/lib/ant.jar:/Applications/IntelliJ IDEA CE.app/Contents/lib/ant/lib/ant-junit.jar:/Applications/IntelliJ IDEA CE.app/Contents/lib/ant/lib/ant-junit4.jar" />

          <property name="project.name" value="ps2-tweets" />

          <property name="java.vm.vendor" value="Oracle Corporation" />

          <property name="sun.arch.data.model" value="64" />

          <property name="java.vendor.url" value="https://openjdk.java.net/" />

          <property name="user.timezone" value="" />

          <property name="os.name" value="Mac OS X" />

          <property name="build.sysclasspath" value="ignore" />

          <property name="java.vm.specification.version" value="11" />

          <property name="user.country" value="AM" />

          <property name="sun.java.launcher" value="SUN_STANDARD" />

          <property name="sun.boot.library.path" value="/Library/Java/JavaVirtualMachines/jdk-11.0.9.jdk/Contents/Home/lib" />

          <property name="problem.set" value="ps2" />

          <property name="sun.java.command" value="org.apache.tools.ant.taskdefs.optional.junit.JUnitTestRunner twitter.staff.ExtractTestRunner skipNonTests=false filtertrace=true haltOnError=false haltOnFailure=false showoutput=false outputtoformatters=true logfailedtests=true threadid=0 logtestlistenerevents=false formatter=org.apache.tools.ant.taskdefs.optional.junit.XMLJUnitResultFormatter,/Users/tigran/Desktop/mit-6.005/tweet/.grader/TEST-twitter.staff.ExtractTestRunner.xml crashfile=/Users/tigran/Desktop/mit-6.005/tweet/.grader/junitvmwatcher5319041492560580916.properties propsfile=/Users/tigran/Desktop/mit-6.005/tweet/.grader/junit12216679850617728009.properties" />

          <property name="zipfile" value="my-submission.zip" />

          <property name="http.nonProxyHosts" value="local|*.local|169.254/16|*.169.254/16" />

          <property name="jdk.debug" value="release" />

          <property name="beta.grader.jar" value="ps2-beta-grader.jar" />

          <property name="sun.cpu.endian" value="little" />

          <property name="user.home" value="/Users/tigran" />

          <property name="user.language" value="en" />

          <property name="grader.report.file" value="my-grader-report.xml" />

          <property name="java.specification.vendor" value="Oracle Corporation" />

          <property name="java.version.date" value="2020-10-20" />

          <property name="java.home" value="/Library/Java/JavaVirtualMachines/jdk-11.0.9.jdk/Contents/Home" />

          <property name="basedir" value="/Users/tigran/Desktop/mit-6.005/tweet" />

          <property name="file.separator" value="/" />

          <property name="java.vm.compressedOopsMode" value="Zero based" />

          <property name="line.separator" value="&#xa;" />

          <property name="ant.java.version" value="11" />

          <property name="java.specification.name" value="Java Platform API Specification" />

          <property name="java.vm.specification.vendor" value="Oracle Corporation" />

          <property name="final.grader.jar" value="ps2-final-grader.jar" />

          <property name="java.awt.graphicsenv" value="sun.awt.CGraphicsEnvironment" />

          <property name="sun.management.compiler" value="HotSpot 64-Bit Tiered Compilers" />

          <property name="ftp.nonProxyHosts" value="local|*.local|169.254/16|*.169.254/16" />

          <property name="java.runtime.version" value="11.0.9+7-LTS" />

          <property name="user.name" value="tigran" />

          <property name="ant.file" value="/Users/tigran/Desktop/mit-6.005/tweet/grader.xml" />

          <property name="path.separator" value=":" />

          <property name="os.version" value="10.15.7" />

          <property name="ant.build.javac.target" value="1.8" />

          <property name="java.runtime.name" value="Java(TM) SE Runtime Environment" />

          <property name="file.encoding" value="UTF-8" />

          <property name="ant.project.invoked-targets" value="all" />

          <property name="java.vm.name" value="Java HotSpot(TM) 64-Bit Server VM" />

          <property name="java.vendor.version" value="18.9" />

          <property name="didit.desc" value="Running your tests against a broken staff implementation. Succeeds when at least one of your tests fails, since this implementation has bugs." />

          <property name="ant.core.lib" value="/Applications/IntelliJ IDEA CE.app/Contents/lib/ant/lib/ant.jar" />

          <property name="java.vendor.url.bug" value="https://bugreport.java.com/bugreport/" />

          <property name="java.io.tmpdir" value="/var/folders/cc/lys7jfx96ygb8_g5ll_yyb_40000gn/T/" />

          <property name="java.version" value="11.0.9" />

          <property name="user.dir" value="/Users/tigran/Desktop/mit-6.005/tweet" />

          <property name="os.arch" value="x86_64" />

          <property name="grader.dir" value=".grader" />

          <property name="java.vm.specification.name" value="Java Virtual Machine Specification" />

          <property name="java.awt.printerjob" value="sun.lwawt.macosx.CPrinterJob" />

          <property name="ant.home" value="/Applications/IntelliJ IDEA CE.app/Contents/lib/ant" />

          <property name="sun.os.patch.level" value="unknown" />

          <property name="ant.version" value="Apache Ant(TM) version 1.10.5 compiled on July 10 2018" />

          <property name="java.library.path" value="/Users/tigran/Library/Java/Extensions:/Library/Java/Extensions:/Network/Library/Java/Extensions:/System/Library/Java/Extensions:/usr/lib/java:." />

          <property name="java.vendor" value="Oracle Corporation" />

          <property name="java.vm.info" value="mixed mode" />

          <property name="java.vm.version" value="11.0.9+7-LTS" />

          <property name="sun.io.unicode.encoding" value="UnicodeBig" />

          <property name="socksNonProxyHosts" value="local|*.local|169.254/16|*.169.254/16" />

          <property name="java.class.version" value="55.0" />

          <property name="ant.project.default-target" value="all" />

      </properties>

      <testcase classname="twitter.staff.ExtractTestRunner" name="yourTests_staffBadImpl_Extract_alwaysReturnsEmpty" time="0.043" />

      <system-out><![CDATA[]]></system-out>

      <system-err><![CDATA[]]></system-err>

  </testsuite>
  <testsuite errors="0" failures="0" hostname="Tigrans-MacBook-Air.local" id="4" name="FilterTestRunner" package="twitter.staff" skipped="0" tests="1" time="0.266" timestamp="2021-04-11T05:29:02">
      <properties>
          <property name="gopherProxySet" value="false" />

          <property name="ant.library.dir" value="/Applications/IntelliJ IDEA CE.app/Contents/lib/ant/lib" />

          <property name="awt.toolkit" value="sun.lwawt.macosx.LWCToolkit" />

          <property name="ant.file.type" value="file" />

          <property name="java.specification.version" value="11" />

          <property name="sun.cpu.isalist" value="" />

          <property name="sun.jnu.encoding" value="UTF-8" />

          <property name="which.tests.ran" value="BETA" />

          <property name="java.class.path" value="/Users/tigran/Desktop/mit-6.005/tweet/lib/junit-4.12.jar:/Users/tigran/Desktop/mit-6.005/tweet/lib/hamcrest-core-1.3.jar:/Users/tigran/Desktop/mit-6.005/tweet/.grader/bin-impls-empty:/Users/tigran/Desktop/mit-6.005/tweet/.grader/bin-impls-staff:/Users/tigran/Desktop/mit-6.005/tweet/.grader/bin-tests-student:/Applications/IntelliJ IDEA CE.app/Contents/lib/ant/lib/ant-launcher.jar:/Applications/IntelliJ IDEA CE.app/Contents/lib/ant/lib/ant.jar:/Applications/IntelliJ IDEA CE.app/Contents/lib/ant/lib/ant-junit.jar:/Applications/IntelliJ IDEA CE.app/Contents/lib/ant/lib/ant-junit4.jar" />

          <property name="project.name" value="ps2-tweets" />

          <property name="java.vm.vendor" value="Oracle Corporation" />

          <property name="sun.arch.data.model" value="64" />

          <property name="java.vendor.url" value="https://openjdk.java.net/" />

          <property name="user.timezone" value="" />

          <property name="os.name" value="Mac OS X" />

          <property name="build.sysclasspath" value="ignore" />

          <property name="java.vm.specification.version" value="11" />

          <property name="user.country" value="AM" />

          <property name="sun.java.launcher" value="SUN_STANDARD" />

          <property name="sun.boot.library.path" value="/Library/Java/JavaVirtualMachines/jdk-11.0.9.jdk/Contents/Home/lib" />

          <property name="problem.set" value="ps2" />

          <property name="sun.java.command" value="org.apache.tools.ant.taskdefs.optional.junit.JUnitTestRunner twitter.staff.FilterTestRunner skipNonTests=false filtertrace=true haltOnError=false haltOnFailure=false showoutput=false outputtoformatters=true logfailedtests=true threadid=0 logtestlistenerevents=false formatter=org.apache.tools.ant.taskdefs.optional.junit.XMLJUnitResultFormatter,/Users/tigran/Desktop/mit-6.005/tweet/.grader/TEST-twitter.staff.FilterTestRunner.xml crashfile=/Users/tigran/Desktop/mit-6.005/tweet/.grader/junitvmwatcher5945002089160131451.properties propsfile=/Users/tigran/Desktop/mit-6.005/tweet/.grader/junit11636887241824387728.properties" />

          <property name="zipfile" value="my-submission.zip" />

          <property name="http.nonProxyHosts" value="local|*.local|169.254/16|*.169.254/16" />

          <property name="jdk.debug" value="release" />

          <property name="beta.grader.jar" value="ps2-beta-grader.jar" />

          <property name="sun.cpu.endian" value="little" />

          <property name="user.home" value="/Users/tigran" />

          <property name="user.language" value="en" />

          <property name="grader.report.file" value="my-grader-report.xml" />

          <property name="java.specification.vendor" value="Oracle Corporation" />

          <property name="java.version.date" value="2020-10-20" />

          <property name="java.home" value="/Library/Java/JavaVirtualMachines/jdk-11.0.9.jdk/Contents/Home" />

          <property name="basedir" value="/Users/tigran/Desktop/mit-6.005/tweet" />

          <property name="file.separator" value="/" />

          <property name="java.vm.compressedOopsMode" value="Zero based" />

          <property name="line.separator" value="&#xa;" />

          <property name="ant.java.version" value="11" />

          <property name="java.specification.name" value="Java Platform API Specification" />

          <property name="java.vm.specification.vendor" value="Oracle Corporation" />

          <property name="final.grader.jar" value="ps2-final-grader.jar" />

          <property name="java.awt.graphicsenv" value="sun.awt.CGraphicsEnvironment" />

          <property name="sun.management.compiler" value="HotSpot 64-Bit Tiered Compilers" />

          <property name="ftp.nonProxyHosts" value="local|*.local|169.254/16|*.169.254/16" />

          <property name="java.runtime.version" value="11.0.9+7-LTS" />

          <property name="user.name" value="tigran" />

          <property name="ant.file" value="/Users/tigran/Desktop/mit-6.005/tweet/grader.xml" />

          <property name="path.separator" value=":" />

          <property name="os.version" value="10.15.7" />

          <property name="ant.build.javac.target" value="1.8" />

          <property name="java.runtime.name" value="Java(TM) SE Runtime Environment" />

          <property name="file.encoding" value="UTF-8" />

          <property name="ant.project.invoked-targets" value="all" />

          <property name="java.vm.name" value="Java HotSpot(TM) 64-Bit Server VM" />

          <property name="java.vendor.version" value="18.9" />

          <property name="didit.desc" value="Running your tests against a broken staff implementation. Succeeds when at least one of your tests fails, since this implementation has bugs." />

          <property name="ant.core.lib" value="/Applications/IntelliJ IDEA CE.app/Contents/lib/ant/lib/ant.jar" />

          <property name="java.vendor.url.bug" value="https://bugreport.java.com/bugreport/" />

          <property name="java.io.tmpdir" value="/var/folders/cc/lys7jfx96ygb8_g5ll_yyb_40000gn/T/" />

          <property name="java.version" value="11.0.9" />

          <property name="user.dir" value="/Users/tigran/Desktop/mit-6.005/tweet" />

          <property name="os.arch" value="x86_64" />

          <property name="grader.dir" value=".grader" />

          <property name="java.vm.specification.name" value="Java Virtual Machine Specification" />

          <property name="java.awt.printerjob" value="sun.lwawt.macosx.CPrinterJob" />

          <property name="ant.home" value="/Applications/IntelliJ IDEA CE.app/Contents/lib/ant" />

          <property name="sun.os.patch.level" value="unknown" />

          <property name="ant.version" value="Apache Ant(TM) version 1.10.5 compiled on July 10 2018" />

          <property name="java.library.path" value="/Users/tigran/Library/Java/Extensions:/Library/Java/Extensions:/Network/Library/Java/Extensions:/System/Library/Java/Extensions:/usr/lib/java:." />

          <property name="java.vendor" value="Oracle Corporation" />

          <property name="java.vm.info" value="mixed mode" />

          <property name="java.vm.version" value="11.0.9+7-LTS" />

          <property name="sun.io.unicode.encoding" value="UnicodeBig" />

          <property name="socksNonProxyHosts" value="local|*.local|169.254/16|*.169.254/16" />

          <property name="java.class.version" value="55.0" />

          <property name="ant.project.default-target" value="all" />

      </properties>

      <testcase classname="twitter.staff.FilterTestRunner" name="yourTests_staffBadImpl_Filter_alwaysReturnsEmpty" time="0.043" />

      <system-out><![CDATA[]]></system-out>

      <system-err><![CDATA[]]></system-err>

  </testsuite>
  <testsuite errors="0" failures="0" hostname="Tigrans-MacBook-Air.local" id="5" name="OriginalExtractTest" package="twitter.staff" skipped="0" tests="3" time="0.477" timestamp="2021-04-11T05:28:58">
      <properties>
          <property name="gopherProxySet" value="false" />

          <property name="ant.library.dir" value="/Applications/IntelliJ IDEA CE.app/Contents/lib/ant/lib" />

          <property name="awt.toolkit" value="sun.lwawt.macosx.LWCToolkit" />

          <property name="ant.file.type" value="file" />

          <property name="java.specification.version" value="11" />

          <property name="sun.cpu.isalist" value="" />

          <property name="sun.jnu.encoding" value="UTF-8" />

          <property name="which.tests.ran" value="BETA" />

          <property name="java.class.path" value="/Users/tigran/Desktop/mit-6.005/tweet/lib/junit-4.12.jar:/Users/tigran/Desktop/mit-6.005/tweet/lib/hamcrest-core-1.3.jar:/Users/tigran/Desktop/mit-6.005/tweet/.grader/bin-tests-beta:/Users/tigran/Desktop/mit-6.005/tweet/.grader/bin-impls-student:/Applications/IntelliJ IDEA CE.app/Contents/lib/ant/lib/ant-launcher.jar:/Applications/IntelliJ IDEA CE.app/Contents/lib/ant/lib/ant.jar:/Applications/IntelliJ IDEA CE.app/Contents/lib/ant/lib/ant-junit.jar:/Applications/IntelliJ IDEA CE.app/Contents/lib/ant/lib/ant-junit4.jar" />

          <property name="project.name" value="ps2-tweets" />

          <property name="java.vm.vendor" value="Oracle Corporation" />

          <property name="sun.arch.data.model" value="64" />

          <property name="java.vendor.url" value="https://openjdk.java.net/" />

          <property name="user.timezone" value="" />

          <property name="os.name" value="Mac OS X" />

          <property name="build.sysclasspath" value="ignore" />

          <property name="java.vm.specification.version" value="11" />

          <property name="user.country" value="AM" />

          <property name="sun.java.launcher" value="SUN_STANDARD" />

          <property name="sun.boot.library.path" value="/Library/Java/JavaVirtualMachines/jdk-11.0.9.jdk/Contents/Home/lib" />

          <property name="problem.set" value="ps2" />

          <property name="sun.java.command" value="org.apache.tools.ant.taskdefs.optional.junit.JUnitTestRunner twitter.staff.OriginalExtractTest skipNonTests=false filtertrace=true haltOnError=false haltOnFailure=false showoutput=false outputtoformatters=true logfailedtests=true threadid=0 logtestlistenerevents=false formatter=org.apache.tools.ant.taskdefs.optional.junit.XMLJUnitResultFormatter,/Users/tigran/Desktop/mit-6.005/tweet/.grader/TEST-twitter.staff.OriginalExtractTest.xml crashfile=/Users/tigran/Desktop/mit-6.005/tweet/.grader/junitvmwatcher17257854785810423425.properties propsfile=/Users/tigran/Desktop/mit-6.005/tweet/.grader/junit14249727478968295492.properties" />

          <property name="zipfile" value="my-submission.zip" />

          <property name="http.nonProxyHosts" value="local|*.local|169.254/16|*.169.254/16" />

          <property name="jdk.debug" value="release" />

          <property name="beta.grader.jar" value="ps2-beta-grader.jar" />

          <property name="sun.cpu.endian" value="little" />

          <property name="user.home" value="/Users/tigran" />

          <property name="user.language" value="en" />

          <property name="grader.report.file" value="my-grader-report.xml" />

          <property name="java.specification.vendor" value="Oracle Corporation" />

          <property name="java.version.date" value="2020-10-20" />

          <property name="java.home" value="/Library/Java/JavaVirtualMachines/jdk-11.0.9.jdk/Contents/Home" />

          <property name="basedir" value="/Users/tigran/Desktop/mit-6.005/tweet" />

          <property name="file.separator" value="/" />

          <property name="java.vm.compressedOopsMode" value="Zero based" />

          <property name="line.separator" value="&#xa;" />

          <property name="ant.java.version" value="11" />

          <property name="java.specification.name" value="Java Platform API Specification" />

          <property name="java.vm.specification.vendor" value="Oracle Corporation" />

          <property name="final.grader.jar" value="ps2-final-grader.jar" />

          <property name="java.awt.graphicsenv" value="sun.awt.CGraphicsEnvironment" />

          <property name="sun.management.compiler" value="HotSpot 64-Bit Tiered Compilers" />

          <property name="ftp.nonProxyHosts" value="local|*.local|169.254/16|*.169.254/16" />

          <property name="java.runtime.version" value="11.0.9+7-LTS" />

          <property name="user.name" value="tigran" />

          <property name="ant.file" value="/Users/tigran/Desktop/mit-6.005/tweet/grader.xml" />

          <property name="path.separator" value=":" />

          <property name="os.version" value="10.15.7" />

          <property name="ant.build.javac.target" value="1.8" />

          <property name="java.runtime.name" value="Java(TM) SE Runtime Environment" />

          <property name="file.encoding" value="UTF-8" />

          <property name="ant.project.invoked-targets" value="all" />

          <property name="java.vm.name" value="Java HotSpot(TM) 64-Bit Server VM" />

          <property name="java.vendor.version" value="18.9" />

          <property name="didit.desc" value="Running the tests we gave you with the problem set on your implementation." />

          <property name="ant.core.lib" value="/Applications/IntelliJ IDEA CE.app/Contents/lib/ant/lib/ant.jar" />

          <property name="java.vendor.url.bug" value="https://bugreport.java.com/bugreport/" />

          <property name="java.io.tmpdir" value="/var/folders/cc/lys7jfx96ygb8_g5ll_yyb_40000gn/T/" />

          <property name="java.version" value="11.0.9" />

          <property name="user.dir" value="/Users/tigran/Desktop/mit-6.005/tweet" />

          <property name="os.arch" value="x86_64" />

          <property name="grader.dir" value=".grader" />

          <property name="java.vm.specification.name" value="Java Virtual Machine Specification" />

          <property name="java.awt.printerjob" value="sun.lwawt.macosx.CPrinterJob" />

          <property name="ant.home" value="/Applications/IntelliJ IDEA CE.app/Contents/lib/ant" />

          <property name="sun.os.patch.level" value="unknown" />

          <property name="ant.version" value="Apache Ant(TM) version 1.10.5 compiled on July 10 2018" />

          <property name="java.library.path" value="/Users/tigran/Library/Java/Extensions:/Library/Java/Extensions:/Network/Library/Java/Extensions:/System/Library/Java/Extensions:/usr/lib/java:." />

          <property name="java.vendor" value="Oracle Corporation" />

          <property name="java.vm.info" value="mixed mode" />

          <property name="java.vm.version" value="11.0.9+7-LTS" />

          <property name="sun.io.unicode.encoding" value="UnicodeBig" />

          <property name="socksNonProxyHosts" value="local|*.local|169.254/16|*.169.254/16" />

          <property name="java.class.version" value="55.0" />

          <property name="ant.project.default-target" value="all" />

      </properties>

      <testcase classname="twitter.staff.OriginalExtractTest" name="testGetMentionedUsersNoMention" time="0.002" />

      <testcase classname="twitter.staff.OriginalExtractTest" name="testGetTimespanTwoTweets" time="0.001" />

      <testcase classname="twitter.staff.OriginalExtractTest" name="testAssertionsEnabled" time="0.001" />

      <system-out><![CDATA[[(1 2016-02-17T10:00:00Z alyssa) is it reasonable to talk about rivest so much?]
]]></system-out>

      <system-err><![CDATA[]]></system-err>

  </testsuite>
  <testsuite errors="3" failures="0" hostname="Tigrans-MacBook-Air.local" id="6" name="OriginalFilterTest" package="twitter.staff" skipped="0" tests="4" time="0.241" timestamp="2021-04-11T05:28:59">
      <properties>
          <property name="gopherProxySet" value="false" />

          <property name="ant.library.dir" value="/Applications/IntelliJ IDEA CE.app/Contents/lib/ant/lib" />

          <property name="awt.toolkit" value="sun.lwawt.macosx.LWCToolkit" />

          <property name="ant.file.type" value="file" />

          <property name="java.specification.version" value="11" />

          <property name="sun.cpu.isalist" value="" />

          <property name="sun.jnu.encoding" value="UTF-8" />

          <property name="which.tests.ran" value="BETA" />

          <property name="java.class.path" value="/Users/tigran/Desktop/mit-6.005/tweet/lib/junit-4.12.jar:/Users/tigran/Desktop/mit-6.005/tweet/lib/hamcrest-core-1.3.jar:/Users/tigran/Desktop/mit-6.005/tweet/.grader/bin-tests-beta:/Users/tigran/Desktop/mit-6.005/tweet/.grader/bin-impls-student:/Applications/IntelliJ IDEA CE.app/Contents/lib/ant/lib/ant-launcher.jar:/Applications/IntelliJ IDEA CE.app/Contents/lib/ant/lib/ant.jar:/Applications/IntelliJ IDEA CE.app/Contents/lib/ant/lib/ant-junit.jar:/Applications/IntelliJ IDEA CE.app/Contents/lib/ant/lib/ant-junit4.jar" />

          <property name="project.name" value="ps2-tweets" />

          <property name="java.vm.vendor" value="Oracle Corporation" />

          <property name="sun.arch.data.model" value="64" />

          <property name="java.vendor.url" value="https://openjdk.java.net/" />

          <property name="user.timezone" value="" />

          <property name="os.name" value="Mac OS X" />

          <property name="build.sysclasspath" value="ignore" />

          <property name="java.vm.specification.version" value="11" />

          <property name="user.country" value="AM" />

          <property name="sun.java.launcher" value="SUN_STANDARD" />

          <property name="sun.boot.library.path" value="/Library/Java/JavaVirtualMachines/jdk-11.0.9.jdk/Contents/Home/lib" />

          <property name="problem.set" value="ps2" />

          <property name="sun.java.command" value="org.apache.tools.ant.taskdefs.optional.junit.JUnitTestRunner twitter.staff.OriginalFilterTest skipNonTests=false filtertrace=true haltOnError=false haltOnFailure=false showoutput=false outputtoformatters=true logfailedtests=true threadid=0 logtestlistenerevents=false formatter=org.apache.tools.ant.taskdefs.optional.junit.XMLJUnitResultFormatter,/Users/tigran/Desktop/mit-6.005/tweet/.grader/TEST-twitter.staff.OriginalFilterTest.xml crashfile=/Users/tigran/Desktop/mit-6.005/tweet/.grader/junitvmwatcher473176152694020141.properties propsfile=/Users/tigran/Desktop/mit-6.005/tweet/.grader/junit14813925242430667548.properties" />

          <property name="zipfile" value="my-submission.zip" />

          <property name="http.nonProxyHosts" value="local|*.local|169.254/16|*.169.254/16" />

          <property name="jdk.debug" value="release" />

          <property name="beta.grader.jar" value="ps2-beta-grader.jar" />

          <property name="sun.cpu.endian" value="little" />

          <property name="user.home" value="/Users/tigran" />

          <property name="user.language" value="en" />

          <property name="grader.report.file" value="my-grader-report.xml" />

          <property name="java.specification.vendor" value="Oracle Corporation" />

          <property name="java.version.date" value="2020-10-20" />

          <property name="java.home" value="/Library/Java/JavaVirtualMachines/jdk-11.0.9.jdk/Contents/Home" />

          <property name="basedir" value="/Users/tigran/Desktop/mit-6.005/tweet" />

          <property name="file.separator" value="/" />

          <property name="java.vm.compressedOopsMode" value="Zero based" />

          <property name="line.separator" value="&#xa;" />

          <property name="ant.java.version" value="11" />

          <property name="java.specification.name" value="Java Platform API Specification" />

          <property name="java.vm.specification.vendor" value="Oracle Corporation" />

          <property name="final.grader.jar" value="ps2-final-grader.jar" />

          <property name="java.awt.graphicsenv" value="sun.awt.CGraphicsEnvironment" />

          <property name="sun.management.compiler" value="HotSpot 64-Bit Tiered Compilers" />

          <property name="ftp.nonProxyHosts" value="local|*.local|169.254/16|*.169.254/16" />

          <property name="java.runtime.version" value="11.0.9+7-LTS" />

          <property name="user.name" value="tigran" />

          <property name="ant.file" value="/Users/tigran/Desktop/mit-6.005/tweet/grader.xml" />

          <property name="path.separator" value=":" />

          <property name="os.version" value="10.15.7" />

          <property name="ant.build.javac.target" value="1.8" />

          <property name="java.runtime.name" value="Java(TM) SE Runtime Environment" />

          <property name="file.encoding" value="UTF-8" />

          <property name="ant.project.invoked-targets" value="all" />

          <property name="java.vm.name" value="Java HotSpot(TM) 64-Bit Server VM" />

          <property name="java.vendor.version" value="18.9" />

          <property name="didit.desc" value="Running the tests we gave you with the problem set on your implementation." />

          <property name="ant.core.lib" value="/Applications/IntelliJ IDEA CE.app/Contents/lib/ant/lib/ant.jar" />

          <property name="java.vendor.url.bug" value="https://bugreport.java.com/bugreport/" />

          <property name="java.io.tmpdir" value="/var/folders/cc/lys7jfx96ygb8_g5ll_yyb_40000gn/T/" />

          <property name="java.version" value="11.0.9" />

          <property name="user.dir" value="/Users/tigran/Desktop/mit-6.005/tweet" />

          <property name="os.arch" value="x86_64" />

          <property name="grader.dir" value=".grader" />

          <property name="java.vm.specification.name" value="Java Virtual Machine Specification" />

          <property name="java.awt.printerjob" value="sun.lwawt.macosx.CPrinterJob" />

          <property name="ant.home" value="/Applications/IntelliJ IDEA CE.app/Contents/lib/ant" />

          <property name="sun.os.patch.level" value="unknown" />

          <property name="ant.version" value="Apache Ant(TM) version 1.10.5 compiled on July 10 2018" />

          <property name="java.library.path" value="/Users/tigran/Library/Java/Extensions:/Library/Java/Extensions:/Network/Library/Java/Extensions:/System/Library/Java/Extensions:/usr/lib/java:." />

          <property name="java.vendor" value="Oracle Corporation" />

          <property name="java.vm.info" value="mixed mode" />

          <property name="java.vm.version" value="11.0.9+7-LTS" />

          <property name="sun.io.unicode.encoding" value="UnicodeBig" />

          <property name="socksNonProxyHosts" value="local|*.local|169.254/16|*.169.254/16" />

          <property name="java.class.version" value="55.0" />

          <property name="ant.project.default-target" value="all" />

      </properties>

      <testcase classname="twitter.staff.OriginalFilterTest" name="testContaining" time="0.008">
          <error message="not implemented" type="java.lang.RuntimeException">java.lang.RuntimeException: not implemented
	at twitter.Filter.containing(Filter.java:60)
	at twitter.staff.OriginalFilterTest.testContaining(OriginalFilterTest.java:55)
	at java.base/jdk.internal.reflect.NativeMethodAccessorImpl.invoke0(Native Method)
	at java.base/jdk.internal.reflect.NativeMethodAccessorImpl.invoke(NativeMethodAccessorImpl.java:62)
	at java.base/jdk.internal.reflect.DelegatingMethodAccessorImpl.invoke(DelegatingMethodAccessorImpl.java:43)
</error>

      </testcase>

      <testcase classname="twitter.staff.OriginalFilterTest" name="testAssertionsEnabled" time="0.0" />

      <testcase classname="twitter.staff.OriginalFilterTest" name="testWrittenByMultipleTweetsSingleResult" time="0.001">
          <error message="not implemented" type="java.lang.RuntimeException">java.lang.RuntimeException: not implemented
	at twitter.Filter.writtenBy(Filter.java:27)
	at twitter.staff.OriginalFilterTest.testWrittenByMultipleTweetsSingleResult(OriginalFilterTest.java:35)
	at java.base/jdk.internal.reflect.NativeMethodAccessorImpl.invoke0(Native Method)
	at java.base/jdk.internal.reflect.NativeMethodAccessorImpl.invoke(NativeMethodAccessorImpl.java:62)
	at java.base/jdk.internal.reflect.DelegatingMethodAccessorImpl.invoke(DelegatingMethodAccessorImpl.java:43)
</error>

      </testcase>

      <testcase classname="twitter.staff.OriginalFilterTest" name="testInTimespanMultipleTweetsMultipleResults" time="0.003">
          <error message="not implemented" type="java.lang.RuntimeException">java.lang.RuntimeException: not implemented
	at twitter.Filter.inTimespan(Filter.java:41)
	at twitter.staff.OriginalFilterTest.testInTimespanMultipleTweetsMultipleResults(OriginalFilterTest.java:46)
	at java.base/jdk.internal.reflect.NativeMethodAccessorImpl.invoke0(Native Method)
	at java.base/jdk.internal.reflect.NativeMethodAccessorImpl.invoke(NativeMethodAccessorImpl.java:62)
	at java.base/jdk.internal.reflect.DelegatingMethodAccessorImpl.invoke(DelegatingMethodAccessorImpl.java:43)
</error>

      </testcase>

      <system-out><![CDATA[]]></system-out>

      <system-err><![CDATA[]]></system-err>

  </testsuite>
  <testsuite errors="2" failures="0" hostname="Tigrans-MacBook-Air.local" id="7" name="OriginalSocialNetworkTest" package="twitter.staff" skipped="0" tests="3" time="0.224" timestamp="2021-04-11T05:28:59">
      <properties>
          <property name="gopherProxySet" value="false" />

          <property name="ant.library.dir" value="/Applications/IntelliJ IDEA CE.app/Contents/lib/ant/lib" />

          <property name="awt.toolkit" value="sun.lwawt.macosx.LWCToolkit" />

          <property name="ant.file.type" value="file" />

          <property name="java.specification.version" value="11" />

          <property name="sun.cpu.isalist" value="" />

          <property name="sun.jnu.encoding" value="UTF-8" />

          <property name="which.tests.ran" value="BETA" />

          <property name="java.class.path" value="/Users/tigran/Desktop/mit-6.005/tweet/lib/junit-4.12.jar:/Users/tigran/Desktop/mit-6.005/tweet/lib/hamcrest-core-1.3.jar:/Users/tigran/Desktop/mit-6.005/tweet/.grader/bin-tests-beta:/Users/tigran/Desktop/mit-6.005/tweet/.grader/bin-impls-student:/Applications/IntelliJ IDEA CE.app/Contents/lib/ant/lib/ant-launcher.jar:/Applications/IntelliJ IDEA CE.app/Contents/lib/ant/lib/ant.jar:/Applications/IntelliJ IDEA CE.app/Contents/lib/ant/lib/ant-junit.jar:/Applications/IntelliJ IDEA CE.app/Contents/lib/ant/lib/ant-junit4.jar" />

          <property name="project.name" value="ps2-tweets" />

          <property name="java.vm.vendor" value="Oracle Corporation" />

          <property name="sun.arch.data.model" value="64" />

          <property name="java.vendor.url" value="https://openjdk.java.net/" />

          <property name="user.timezone" value="" />

          <property name="os.name" value="Mac OS X" />

          <property name="build.sysclasspath" value="ignore" />

          <property name="java.vm.specification.version" value="11" />

          <property name="user.country" value="AM" />

          <property name="sun.java.launcher" value="SUN_STANDARD" />

          <property name="sun.boot.library.path" value="/Library/Java/JavaVirtualMachines/jdk-11.0.9.jdk/Contents/Home/lib" />

          <property name="problem.set" value="ps2" />

          <property name="sun.java.command" value="org.apache.tools.ant.taskdefs.optional.junit.JUnitTestRunner twitter.staff.OriginalSocialNetworkTest skipNonTests=false filtertrace=true haltOnError=false haltOnFailure=false showoutput=false outputtoformatters=true logfailedtests=true threadid=0 logtestlistenerevents=false formatter=org.apache.tools.ant.taskdefs.optional.junit.XMLJUnitResultFormatter,/Users/tigran/Desktop/mit-6.005/tweet/.grader/TEST-twitter.staff.OriginalSocialNetworkTest.xml crashfile=/Users/tigran/Desktop/mit-6.005/tweet/.grader/junitvmwatcher18034473098170616783.properties propsfile=/Users/tigran/Desktop/mit-6.005/tweet/.grader/junit13267398176056206121.properties" />

          <property name="zipfile" value="my-submission.zip" />

          <property name="http.nonProxyHosts" value="local|*.local|169.254/16|*.169.254/16" />

          <property name="jdk.debug" value="release" />

          <property name="beta.grader.jar" value="ps2-beta-grader.jar" />

          <property name="sun.cpu.endian" value="little" />

          <property name="user.home" value="/Users/tigran" />

          <property name="user.language" value="en" />

          <property name="grader.report.file" value="my-grader-report.xml" />

          <property name="java.specification.vendor" value="Oracle Corporation" />

          <property name="java.version.date" value="2020-10-20" />

          <property name="java.home" value="/Library/Java/JavaVirtualMachines/jdk-11.0.9.jdk/Contents/Home" />

          <property name="basedir" value="/Users/tigran/Desktop/mit-6.005/tweet" />

          <property name="file.separator" value="/" />

          <property name="java.vm.compressedOopsMode" value="Zero based" />

          <property name="line.separator" value="&#xa;" />

          <property name="ant.java.version" value="11" />

          <property name="java.specification.name" value="Java Platform API Specification" />

          <property name="java.vm.specification.vendor" value="Oracle Corporation" />

          <property name="final.grader.jar" value="ps2-final-grader.jar" />

          <property name="java.awt.graphicsenv" value="sun.awt.CGraphicsEnvironment" />

          <property name="sun.management.compiler" value="HotSpot 64-Bit Tiered Compilers" />

          <property name="ftp.nonProxyHosts" value="local|*.local|169.254/16|*.169.254/16" />

          <property name="java.runtime.version" value="11.0.9+7-LTS" />

          <property name="user.name" value="tigran" />

          <property name="ant.file" value="/Users/tigran/Desktop/mit-6.005/tweet/grader.xml" />

          <property name="path.separator" value=":" />

          <property name="os.version" value="10.15.7" />

          <property name="ant.build.javac.target" value="1.8" />

          <property name="java.runtime.name" value="Java(TM) SE Runtime Environment" />

          <property name="file.encoding" value="UTF-8" />

          <property name="ant.project.invoked-targets" value="all" />

          <property name="java.vm.name" value="Java HotSpot(TM) 64-Bit Server VM" />

          <property name="java.vendor.version" value="18.9" />

          <property name="didit.desc" value="Running the tests we gave you with the problem set on your implementation." />

          <property name="ant.core.lib" value="/Applications/IntelliJ IDEA CE.app/Contents/lib/ant/lib/ant.jar" />

          <property name="java.vendor.url.bug" value="https://bugreport.java.com/bugreport/" />

          <property name="java.io.tmpdir" value="/var/folders/cc/lys7jfx96ygb8_g5ll_yyb_40000gn/T/" />

          <property name="java.version" value="11.0.9" />

          <property name="user.dir" value="/Users/tigran/Desktop/mit-6.005/tweet" />

          <property name="os.arch" value="x86_64" />

          <property name="grader.dir" value=".grader" />

          <property name="java.vm.specification.name" value="Java Virtual Machine Specification" />

          <property name="java.awt.printerjob" value="sun.lwawt.macosx.CPrinterJob" />

          <property name="ant.home" value="/Applications/IntelliJ IDEA CE.app/Contents/lib/ant" />

          <property name="sun.os.patch.level" value="unknown" />

          <property name="ant.version" value="Apache Ant(TM) version 1.10.5 compiled on July 10 2018" />

          <property name="java.library.path" value="/Users/tigran/Library/Java/Extensions:/Library/Java/Extensions:/Network/Library/Java/Extensions:/System/Library/Java/Extensions:/usr/lib/java:." />

          <property name="java.vendor" value="Oracle Corporation" />

          <property name="java.vm.info" value="mixed mode" />

          <property name="java.vm.version" value="11.0.9+7-LTS" />

          <property name="sun.io.unicode.encoding" value="UnicodeBig" />

          <property name="socksNonProxyHosts" value="local|*.local|169.254/16|*.169.254/16" />

          <property name="java.class.version" value="55.0" />

          <property name="ant.project.default-target" value="all" />

      </properties>

      <testcase classname="twitter.staff.OriginalSocialNetworkTest" name="testGuessFollowsGraphEmpty" time="0.011">
          <error message="not implemented" type="java.lang.RuntimeException">java.lang.RuntimeException: not implemented
	at twitter.SocialNetwork.guessFollowsGraph(SocialNetwork.java:41)
	at twitter.staff.OriginalSocialNetworkTest.testGuessFollowsGraphEmpty(OriginalSocialNetworkTest.java:31)
	at java.base/jdk.internal.reflect.NativeMethodAccessorImpl.invoke0(Native Method)
	at java.base/jdk.internal.reflect.NativeMethodAccessorImpl.invoke(NativeMethodAccessorImpl.java:62)
	at java.base/jdk.internal.reflect.DelegatingMethodAccessorImpl.invoke(DelegatingMethodAccessorImpl.java:43)
</error>

      </testcase>

      <testcase classname="twitter.staff.OriginalSocialNetworkTest" name="testAssertionsEnabled" time="0.0" />

      <testcase classname="twitter.staff.OriginalSocialNetworkTest" name="testInfluencersEmpty" time="0.001">
          <error message="not implemented" type="java.lang.RuntimeException">java.lang.RuntimeException: not implemented
	at twitter.SocialNetwork.influencers(SocialNetwork.java:54)
	at twitter.staff.OriginalSocialNetworkTest.testInfluencersEmpty(OriginalSocialNetworkTest.java:39)
	at java.base/jdk.internal.reflect.NativeMethodAccessorImpl.invoke0(Native Method)
	at java.base/jdk.internal.reflect.NativeMethodAccessorImpl.invoke(NativeMethodAccessorImpl.java:62)
	at java.base/jdk.internal.reflect.DelegatingMethodAccessorImpl.invoke(DelegatingMethodAccessorImpl.java:43)
</error>

      </testcase>

      <system-out><![CDATA[]]></system-out>

      <system-err><![CDATA[]]></system-err>

  </testsuite>
  <testsuite errors="0" failures="1" hostname="Tigrans-MacBook-Air.local" id="8" name="SocialNetworkTestRunner" package="twitter.staff" skipped="0" tests="1" time="0.259" timestamp="2021-04-11T05:29:03">
      <properties>
          <property name="gopherProxySet" value="false" />

          <property name="ant.library.dir" value="/Applications/IntelliJ IDEA CE.app/Contents/lib/ant/lib" />

          <property name="awt.toolkit" value="sun.lwawt.macosx.LWCToolkit" />

          <property name="ant.file.type" value="file" />

          <property name="java.specification.version" value="11" />

          <property name="sun.cpu.isalist" value="" />

          <property name="sun.jnu.encoding" value="UTF-8" />

          <property name="which.tests.ran" value="BETA" />

          <property name="java.class.path" value="/Users/tigran/Desktop/mit-6.005/tweet/lib/junit-4.12.jar:/Users/tigran/Desktop/mit-6.005/tweet/lib/hamcrest-core-1.3.jar:/Users/tigran/Desktop/mit-6.005/tweet/.grader/bin-impls-empty:/Users/tigran/Desktop/mit-6.005/tweet/.grader/bin-impls-staff:/Users/tigran/Desktop/mit-6.005/tweet/.grader/bin-tests-student:/Applications/IntelliJ IDEA CE.app/Contents/lib/ant/lib/ant-launcher.jar:/Applications/IntelliJ IDEA CE.app/Contents/lib/ant/lib/ant.jar:/Applications/IntelliJ IDEA CE.app/Contents/lib/ant/lib/ant-junit.jar:/Applications/IntelliJ IDEA CE.app/Contents/lib/ant/lib/ant-junit4.jar" />

          <property name="project.name" value="ps2-tweets" />

          <property name="java.vm.vendor" value="Oracle Corporation" />

          <property name="sun.arch.data.model" value="64" />

          <property name="java.vendor.url" value="https://openjdk.java.net/" />

          <property name="user.timezone" value="" />

          <property name="os.name" value="Mac OS X" />

          <property name="build.sysclasspath" value="ignore" />

          <property name="java.vm.specification.version" value="11" />

          <property name="user.country" value="AM" />

          <property name="sun.java.launcher" value="SUN_STANDARD" />

          <property name="sun.boot.library.path" value="/Library/Java/JavaVirtualMachines/jdk-11.0.9.jdk/Contents/Home/lib" />

          <property name="problem.set" value="ps2" />

          <property name="sun.java.command" value="org.apache.tools.ant.taskdefs.optional.junit.JUnitTestRunner twitter.staff.SocialNetworkTestRunner skipNonTests=false filtertrace=true haltOnError=false haltOnFailure=false showoutput=false outputtoformatters=true logfailedtests=true threadid=0 logtestlistenerevents=false formatter=org.apache.tools.ant.taskdefs.optional.junit.XMLJUnitResultFormatter,/Users/tigran/Desktop/mit-6.005/tweet/.grader/TEST-twitter.staff.SocialNetworkTestRunner.xml crashfile=/Users/tigran/Desktop/mit-6.005/tweet/.grader/junitvmwatcher9929354111674051641.properties propsfile=/Users/tigran/Desktop/mit-6.005/tweet/.grader/junit15118055805083229602.properties" />

          <property name="zipfile" value="my-submission.zip" />

          <property name="http.nonProxyHosts" value="local|*.local|169.254/16|*.169.254/16" />

          <property name="jdk.debug" value="release" />

          <property name="beta.grader.jar" value="ps2-beta-grader.jar" />

          <property name="sun.cpu.endian" value="little" />

          <property name="user.home" value="/Users/tigran" />

          <property name="user.language" value="en" />

          <property name="grader.report.file" value="my-grader-report.xml" />

          <property name="java.specification.vendor" value="Oracle Corporation" />

          <property name="java.version.date" value="2020-10-20" />

          <property name="java.home" value="/Library/Java/JavaVirtualMachines/jdk-11.0.9.jdk/Contents/Home" />

          <property name="basedir" value="/Users/tigran/Desktop/mit-6.005/tweet" />

          <property name="file.separator" value="/" />

          <property name="java.vm.compressedOopsMode" value="Zero based" />

          <property name="line.separator" value="&#xa;" />

          <property name="ant.java.version" value="11" />

          <property name="java.specification.name" value="Java Platform API Specification" />

          <property name="java.vm.specification.vendor" value="Oracle Corporation" />

          <property name="final.grader.jar" value="ps2-final-grader.jar" />

          <property name="java.awt.graphicsenv" value="sun.awt.CGraphicsEnvironment" />

          <property name="sun.management.compiler" value="HotSpot 64-Bit Tiered Compilers" />

          <property name="ftp.nonProxyHosts" value="local|*.local|169.254/16|*.169.254/16" />

          <property name="java.runtime.version" value="11.0.9+7-LTS" />

          <property name="user.name" value="tigran" />

          <property name="ant.file" value="/Users/tigran/Desktop/mit-6.005/tweet/grader.xml" />

          <property name="path.separator" value=":" />

          <property name="os.version" value="10.15.7" />

          <property name="ant.build.javac.target" value="1.8" />

          <property name="java.runtime.name" value="Java(TM) SE Runtime Environment" />

          <property name="file.encoding" value="UTF-8" />

          <property name="ant.project.invoked-targets" value="all" />

          <property name="java.vm.name" value="Java HotSpot(TM) 64-Bit Server VM" />

          <property name="java.vendor.version" value="18.9" />

          <property name="didit.desc" value="Running your tests against a broken staff implementation. Succeeds when at least one of your tests fails, since this implementation has bugs." />

          <property name="ant.core.lib" value="/Applications/IntelliJ IDEA CE.app/Contents/lib/ant/lib/ant.jar" />

          <property name="java.vendor.url.bug" value="https://bugreport.java.com/bugreport/" />

          <property name="java.io.tmpdir" value="/var/folders/cc/lys7jfx96ygb8_g5ll_yyb_40000gn/T/" />

          <property name="java.version" value="11.0.9" />

          <property name="user.dir" value="/Users/tigran/Desktop/mit-6.005/tweet" />

          <property name="os.arch" value="x86_64" />

          <property name="grader.dir" value=".grader" />

          <property name="java.vm.specification.name" value="Java Virtual Machine Specification" />

          <property name="java.awt.printerjob" value="sun.lwawt.macosx.CPrinterJob" />

          <property name="ant.home" value="/Applications/IntelliJ IDEA CE.app/Contents/lib/ant" />

          <property name="sun.os.patch.level" value="unknown" />

          <property name="ant.version" value="Apache Ant(TM) version 1.10.5 compiled on July 10 2018" />

          <property name="java.library.path" value="/Users/tigran/Library/Java/Extensions:/Library/Java/Extensions:/Network/Library/Java/Extensions:/System/Library/Java/Extensions:/usr/lib/java:." />

          <property name="java.vendor" value="Oracle Corporation" />

          <property name="java.vm.info" value="mixed mode" />

          <property name="java.vm.version" value="11.0.9+7-LTS" />

          <property name="sun.io.unicode.encoding" value="UnicodeBig" />

          <property name="socksNonProxyHosts" value="local|*.local|169.254/16|*.169.254/16" />

          <property name="java.class.version" value="55.0" />

          <property name="ant.project.default-target" value="all" />

      </properties>

      <testcase classname="twitter.staff.SocialNetworkTestRunner" name="yourTests_staffBadImpl_SocialNetwork_alwaysReturnsEmpty" time="0.032">
          <failure message="None of your tests failed when run against our broken implementation: 3 tests ran with 0 failures in 2 ms." type="junit.framework.AssertionFailedError">junit.framework.AssertionFailedError: None of your tests failed when run against our broken implementation: 3 tests ran with 0 failures in 2 ms.
	at twitter.staff.TestHelpers.assertFailure(TestHelpers.java:59)
	at twitter.staff.SocialNetworkTestRunner.yourTests_staffBadImpl_SocialNetwork_alwaysReturnsEmpty(SocialNetworkTestRunner.java:23)
	at java.base/jdk.internal.reflect.NativeMethodAccessorImpl.invoke0(Native Method)
	at java.base/jdk.internal.reflect.NativeMethodAccessorImpl.invoke(NativeMethodAccessorImpl.java:62)
	at java.base/jdk.internal.reflect.DelegatingMethodAccessorImpl.invoke(DelegatingMethodAccessorImpl.java:43)
</failure>

      </testcase>

      <system-out><![CDATA[]]></system-out>

      <system-err><![CDATA[]]></system-err>

  </testsuite>
</testsuites>
