<?xml version="1.0" encoding="UTF-8" ?>
<testsuites>
  <testsuite errors="0" failures="4" hostname="Tigrans-MacBook-Air.local" id="0" name="QuadraticTest" package="warmup" skipped="0" tests="8" time="0.398" timestamp="2021-04-02T04:52:43">
      <properties>
          <property name="gopherProxySet" value="false" />

          <property name="ant.library.dir" value="/Users/tigran/.p2/pool/plugins/org.apache.ant_1.10.9.v20201106-1946/lib" />

          <property name="awt.toolkit" value="sun.lwawt.macosx.LWCToolkit" />

          <property name="java.specification.version" value="11" />

          <property name="sun.cpu.isalist" value="" />

          <property name="sun.jnu.encoding" value="UTF-8" />

          <property name="which.tests.ran" value="BETA + FINAL" />

          <property name="java.class.path" value="/Users/tigran/Desktop/mit-6.005/calculator/lib/junit-4.12.jar:/Users/tigran/Desktop/mit-6.005/calculator/lib/hamcrest-core-1.3.jar:/Users/tigran/Desktop/mit-6.005/calculator/.grader/bin-student:/Users/tigran/.p2/pool/plugins/org.apache.ant_1.10.9.v20201106-1946/lib/ant-launcher.jar:/Users/tigran/.p2/pool/plugins/org.apache.ant_1.10.9.v20201106-1946/lib/ant.jar:/Users/tigran/.p2/pool/plugins/org.apache.ant_1.10.9.v20201106-1946/lib/ant-junit.jar:/Users/tigran/.p2/pool/plugins/org.apache.ant_1.10.9.v20201106-1946/lib/ant-junit4.jar" />

          <property name="project.name" value="ps1-warmup" />

          <property name="java.vm.vendor" value="Oracle Corporation" />

          <property name="sun.arch.data.model" value="64" />

          <property name="java.vendor.url" value="https://openjdk.java.net/" />

          <property name="user.timezone" value="" />

          <property name="os.name" value="Mac OS X" />

          <property name="build.sysclasspath" value="ignore" />

          <property name="java.vm.specification.version" value="11" />

          <property name="user.country" value="AM" />

          <property name="sun.java.launcher" value="SUN_STANDARD" />

          <property name="sun.boot.library.path" value="/Library/Java/JavaVirtualMachines/jdk-11.0.9.jdk/Contents/Home/lib" />

          <property name="problem.set" value="ps1" />

          <property name="sun.java.command" value="org.apache.tools.ant.taskdefs.optional.junit.JUnitTestRunner warmup.QuadraticTest skipNonTests=false filtertrace=true haltOnError=false haltOnFailure=false showoutput=false outputtoformatters=true logfailedtests=true threadid=0 logtestlistenerevents=false formatter=org.apache.tools.ant.taskdefs.optional.junit.XMLJUnitResultFormatter,/Users/tigran/Desktop/mit-6.005/calculator/.grader/TEST-warmup.QuadraticTest.xml crashfile=/Users/tigran/Desktop/mit-6.005/calculator/.grader/junitvmwatcher17617615299250745268.properties propsfile=/Users/tigran/Desktop/mit-6.005/calculator/.grader/junit6103713303964714280.properties" />

          <property name="zipfile" value="my-submission.zip" />

          <property name="http.nonProxyHosts" value="local|*.local|169.254/16|*.169.254/16" />

          <property name="jdk.debug" value="release" />

          <property name="beta.grader.jar" value="ps1-beta-grader.jar" />

          <property name="sun.cpu.endian" value="little" />

          <property name="user.home" value="/Users/tigran" />

          <property name="user.language" value="en" />

          <property name="grader.report.file" value="my-grader-report.xml" />

          <property name="java.specification.vendor" value="Oracle Corporation" />

          <property name="java.version.date" value="2020-10-20" />

          <property name="java.home" value="/Library/Java/JavaVirtualMachines/jdk-11.0.9.jdk/Contents/Home" />

          <property name="basedir" value="/Users/tigran/Desktop/mit-6.005/calculator" />

          <property name="file.separator" value="/" />

          <property name="java.vm.compressedOopsMode" value="Zero based" />

          <property name="line.separator" value="&#xa;" />

          <property name="ant.java.version" value="11" />

          <property name="java.specification.name" value="Java Platform API Specification" />

          <property name="java.vm.specification.vendor" value="Oracle Corporation" />

          <property name="final.grader.jar" value="ps1-final-grader.jar" />

          <property name="java.awt.graphicsenv" value="sun.awt.CGraphicsEnvironment" />

          <property name="sun.management.compiler" value="HotSpot 64-Bit Tiered Compilers" />

          <property name="ftp.nonProxyHosts" value="local|*.local|169.254/16|*.169.254/16" />

          <property name="java.runtime.version" value="11.0.9+7-LTS" />

          <property name="user.name" value="tigran" />

          <property name="ant.file" value="/Users/tigran/Desktop/mit-6.005/calculator/grader.xml" />

          <property name="path.separator" value=":" />

          <property name="os.version" value="10.15.7" />

          <property name="ant.build.javac.target" value="1.8" />

          <property name="java.runtime.name" value="Java(TM) SE Runtime Environment" />

          <property name="file.encoding" value="UTF-8" />

          <property name="ant.project.invoked-targets" value="all" />

          <property name="java.vm.name" value="Java HotSpot(TM) 64-Bit Server VM" />

          <property name="java.vendor.version" value="18.9" />

          <property name="didit.desc" value="Running the tests we gave you with the problem set on your implementation." />

          <property name="ant.core.lib" value="/Users/tigran/.p2/pool/plugins/org.apache.ant_1.10.9.v20201106-1946/lib/ant.jar" />

          <property name="java.vendor.url.bug" value="https://bugreport.java.com/bugreport/" />

          <property name="java.io.tmpdir" value="/var/folders/cc/lys7jfx96ygb8_g5ll_yyb_40000gn/T/" />

          <property name="java.version" value="11.0.9" />

          <property name="user.dir" value="/Users/tigran/Desktop/mit-6.005/calculator" />

          <property name="os.arch" value="x86_64" />

          <property name="grader.dir" value=".grader" />

          <property name="java.vm.specification.name" value="Java Virtual Machine Specification" />

          <property name="java.awt.printerjob" value="sun.lwawt.macosx.CPrinterJob" />

          <property name="ant.home" value="/Users/tigran/.p2/pool/plugins/org.apache.ant_1.10.9.v20201106-1946" />

          <property name="sun.os.patch.level" value="unknown" />

          <property name="ant.version" value="Apache Ant(TM) version 1.10.9 compiled on September 27 2020" />

          <property name="final.grading" value="true" />

          <property name="java.library.path" value="/Users/tigran/Library/Java/Extensions:/Library/Java/Extensions:/Network/Library/Java/Extensions:/System/Library/Java/Extensions:/usr/lib/java:." />

          <property name="java.vendor" value="Oracle Corporation" />

          <property name="java.vm.info" value="mixed mode" />

          <property name="java.vm.version" value="11.0.9+7-LTS" />

          <property name="sun.io.unicode.encoding" value="UnicodeBig" />

          <property name="socksNonProxyHosts" value="local|*.local|169.254/16|*.169.254/16" />

          <property name="java.class.version" value="55.0" />

          <property name="ant.project.default-target" value="all" />

      </properties>

      <testcase classname="warmup.QuadraticTest" name="testOneRoot" time="0.001" />

      <testcase classname="warmup.QuadraticTest" name="testAssertionsEnabled" time="0.0" />

      <testcase classname="warmup.QuadraticTest" name="testOneZeroRoot" time="0.0" />

      <testcase classname="warmup.QuadraticTest" name="testPositiveRoots" time="0.018">
          <failure message="expected:&lt;[5, 8]&gt; but was:&lt;[6]&gt;" type="junit.framework.AssertionFailedError">junit.framework.AssertionFailedError: expected:&lt;[5, 8]&gt; but was:&lt;[6]&gt;
	at warmup.QuadraticTest.testPositiveRoots(QuadraticTest.java:41)
	at java.base/jdk.internal.reflect.NativeMethodAccessorImpl.invoke0(Native Method)
	at java.base/jdk.internal.reflect.NativeMethodAccessorImpl.invoke(NativeMethodAccessorImpl.java:62)
	at java.base/jdk.internal.reflect.DelegatingMethodAccessorImpl.invoke(DelegatingMethodAccessorImpl.java:43)
</failure>

      </testcase>

      <testcase classname="warmup.QuadraticTest" name="testBothZeroRoots" time="0.0" />

      <testcase classname="warmup.QuadraticTest" name="testOppositeSignRoots" time="0.002">
          <failure message="expected:&lt;[3, 11]&gt; but was:&lt;[0]&gt;" type="junit.framework.AssertionFailedError">junit.framework.AssertionFailedError: expected:&lt;[3, 11]&gt; but was:&lt;[0]&gt;
	at warmup.QuadraticTest.testOppositeSignRoots(QuadraticTest.java:53)
	at java.base/jdk.internal.reflect.NativeMethodAccessorImpl.invoke0(Native Method)
	at java.base/jdk.internal.reflect.NativeMethodAccessorImpl.invoke(NativeMethodAccessorImpl.java:62)
	at java.base/jdk.internal.reflect.DelegatingMethodAccessorImpl.invoke(DelegatingMethodAccessorImpl.java:43)
</failure>

      </testcase>

      <testcase classname="warmup.QuadraticTest" name="testNegativeRoots" time="0.001">
          <failure message="expected:&lt;[-2, -8]&gt; but was:&lt;[-4, -6]&gt;" type="junit.framework.AssertionFailedError">junit.framework.AssertionFailedError: expected:&lt;[-2, -8]&gt; but was:&lt;[-4, -6]&gt;
	at warmup.QuadraticTest.testNegativeRoots(QuadraticTest.java:47)
	at java.base/jdk.internal.reflect.NativeMethodAccessorImpl.invoke0(Native Method)
	at java.base/jdk.internal.reflect.NativeMethodAccessorImpl.invoke(NativeMethodAccessorImpl.java:62)
	at java.base/jdk.internal.reflect.DelegatingMethodAccessorImpl.invoke(DelegatingMethodAccessorImpl.java:43)
</failure>

      </testcase>

      <testcase classname="warmup.QuadraticTest" name="testLargeRoots" time="0.001">
          <failure message="expected:&lt;[-45000, 45000]&gt; but was:&lt;[0]&gt;" type="junit.framework.AssertionFailedError">junit.framework.AssertionFailedError: expected:&lt;[-45000, 45000]&gt; but was:&lt;[0]&gt;
	at warmup.QuadraticTest.testLargeRoots(QuadraticTest.java:79)
	at java.base/jdk.internal.reflect.NativeMethodAccessorImpl.invoke0(Native Method)
	at java.base/jdk.internal.reflect.NativeMethodAccessorImpl.invoke(NativeMethodAccessorImpl.java:62)
	at java.base/jdk.internal.reflect.DelegatingMethodAccessorImpl.invoke(DelegatingMethodAccessorImpl.java:43)
</failure>

      </testcase>

      <system-out><![CDATA[]]></system-out>

      <system-err><![CDATA[]]></system-err>

  </testsuite>
  <testsuite errors="0" failures="3" hostname="Tigrans-MacBook-Air.local" id="1" name="QuadraticTest" package="warmup.staff" skipped="0" tests="3" time="0.209" timestamp="2021-04-02T04:52:44">
      <properties>
          <property name="gopherProxySet" value="false" />

          <property name="ant.library.dir" value="/Users/tigran/.p2/pool/plugins/org.apache.ant_1.10.9.v20201106-1946/lib" />

          <property name="awt.toolkit" value="sun.lwawt.macosx.LWCToolkit" />

          <property name="java.specification.version" value="11" />

          <property name="sun.cpu.isalist" value="" />

          <property name="sun.jnu.encoding" value="UTF-8" />

          <property name="which.tests.ran" value="BETA + FINAL" />

          <property name="java.class.path" value="/Users/tigran/Desktop/mit-6.005/calculator/lib/junit-4.12.jar:/Users/tigran/Desktop/mit-6.005/calculator/lib/hamcrest-core-1.3.jar:/Users/tigran/Desktop/mit-6.005/calculator/.grader/bin-tests-final:/Users/tigran/Desktop/mit-6.005/calculator/.grader/bin-student:/Users/tigran/.p2/pool/plugins/org.apache.ant_1.10.9.v20201106-1946/lib/ant-launcher.jar:/Users/tigran/.p2/pool/plugins/org.apache.ant_1.10.9.v20201106-1946/lib/ant.jar:/Users/tigran/.p2/pool/plugins/org.apache.ant_1.10.9.v20201106-1946/lib/ant-junit.jar:/Users/tigran/.p2/pool/plugins/org.apache.ant_1.10.9.v20201106-1946/lib/ant-junit4.jar" />

          <property name="project.name" value="ps1-warmup" />

          <property name="java.vm.vendor" value="Oracle Corporation" />

          <property name="sun.arch.data.model" value="64" />

          <property name="java.vendor.url" value="https://openjdk.java.net/" />

          <property name="user.timezone" value="" />

          <property name="os.name" value="Mac OS X" />

          <property name="build.sysclasspath" value="ignore" />

          <property name="java.vm.specification.version" value="11" />

          <property name="user.country" value="AM" />

          <property name="sun.java.launcher" value="SUN_STANDARD" />

          <property name="sun.boot.library.path" value="/Library/Java/JavaVirtualMachines/jdk-11.0.9.jdk/Contents/Home/lib" />

          <property name="problem.set" value="ps1" />

          <property name="sun.java.command" value="org.apache.tools.ant.taskdefs.optional.junit.JUnitTestRunner warmup.staff.QuadraticTest skipNonTests=false filtertrace=true haltOnError=false haltOnFailure=false showoutput=false outputtoformatters=true logfailedtests=true threadid=0 logtestlistenerevents=false formatter=org.apache.tools.ant.taskdefs.optional.junit.XMLJUnitResultFormatter,/Users/tigran/Desktop/mit-6.005/calculator/.grader/TEST-warmup.staff.QuadraticTest.xml crashfile=/Users/tigran/Desktop/mit-6.005/calculator/.grader/junitvmwatcher3089967966545739894.properties propsfile=/Users/tigran/Desktop/mit-6.005/calculator/.grader/junit8091187898460955425.properties" />

          <property name="zipfile" value="my-submission.zip" />

          <property name="http.nonProxyHosts" value="local|*.local|169.254/16|*.169.254/16" />

          <property name="jdk.debug" value="release" />

          <property name="beta.grader.jar" value="ps1-beta-grader.jar" />

          <property name="sun.cpu.endian" value="little" />

          <property name="user.home" value="/Users/tigran" />

          <property name="user.language" value="en" />

          <property name="grader.report.file" value="my-grader-report.xml" />

          <property name="java.specification.vendor" value="Oracle Corporation" />

          <property name="java.version.date" value="2020-10-20" />

          <property name="java.home" value="/Library/Java/JavaVirtualMachines/jdk-11.0.9.jdk/Contents/Home" />

          <property name="basedir" value="/Users/tigran/Desktop/mit-6.005/calculator" />

          <property name="file.separator" value="/" />

          <property name="java.vm.compressedOopsMode" value="Zero based" />

          <property name="line.separator" value="&#xa;" />

          <property name="ant.java.version" value="11" />

          <property name="java.specification.name" value="Java Platform API Specification" />

          <property name="java.vm.specification.vendor" value="Oracle Corporation" />

          <property name="final.grader.jar" value="ps1-final-grader.jar" />

          <property name="java.awt.graphicsenv" value="sun.awt.CGraphicsEnvironment" />

          <property name="sun.management.compiler" value="HotSpot 64-Bit Tiered Compilers" />

          <property name="ftp.nonProxyHosts" value="local|*.local|169.254/16|*.169.254/16" />

          <property name="java.runtime.version" value="11.0.9+7-LTS" />

          <property name="user.name" value="tigran" />

          <property name="ant.file" value="/Users/tigran/Desktop/mit-6.005/calculator/grader.xml" />

          <property name="path.separator" value=":" />

          <property name="os.version" value="10.15.7" />

          <property name="ant.build.javac.target" value="1.8" />

          <property name="java.runtime.name" value="Java(TM) SE Runtime Environment" />

          <property name="file.encoding" value="UTF-8" />

          <property name="ant.project.invoked-targets" value="all" />

          <property name="java.vm.name" value="Java HotSpot(TM) 64-Bit Server VM" />

          <property name="java.vendor.version" value="18.9" />

          <property name="didit.desc" value="Running our tests against your implementation" />

          <property name="ant.core.lib" value="/Users/tigran/.p2/pool/plugins/org.apache.ant_1.10.9.v20201106-1946/lib/ant.jar" />

          <property name="java.vendor.url.bug" value="https://bugreport.java.com/bugreport/" />

          <property name="java.io.tmpdir" value="/var/folders/cc/lys7jfx96ygb8_g5ll_yyb_40000gn/T/" />

          <property name="java.version" value="11.0.9" />

          <property name="user.dir" value="/Users/tigran/Desktop/mit-6.005/calculator" />

          <property name="os.arch" value="x86_64" />

          <property name="grader.dir" value=".grader" />

          <property name="java.vm.specification.name" value="Java Virtual Machine Specification" />

          <property name="java.awt.printerjob" value="sun.lwawt.macosx.CPrinterJob" />

          <property name="ant.home" value="/Users/tigran/.p2/pool/plugins/org.apache.ant_1.10.9.v20201106-1946" />

          <property name="sun.os.patch.level" value="unknown" />

          <property name="ant.version" value="Apache Ant(TM) version 1.10.9 compiled on September 27 2020" />

          <property name="final.grading" value="true" />

          <property name="java.library.path" value="/Users/tigran/Library/Java/Extensions:/Library/Java/Extensions:/Network/Library/Java/Extensions:/System/Library/Java/Extensions:/usr/lib/java:." />

          <property name="java.vendor" value="Oracle Corporation" />

          <property name="java.vm.info" value="mixed mode" />

          <property name="java.vm.version" value="11.0.9+7-LTS" />

          <property name="sun.io.unicode.encoding" value="UnicodeBig" />

          <property name="socksNonProxyHosts" value="local|*.local|169.254/16|*.169.254/16" />

          <property name="java.class.version" value="55.0" />

          <property name="ant.project.default-target" value="all" />

      </properties>

      <testcase classname="warmup.staff.QuadraticTest" name="testRealRoots" time="0.019">
          <failure message="expected:&lt;[]&gt; but was:&lt;[0]&gt;" type="junit.framework.AssertionFailedError">junit.framework.AssertionFailedError: expected:&lt;[]&gt; but was:&lt;[0]&gt;
	at warmup.staff.QuadraticTest.testRealRoots(QuadraticTest.java:37)
	at java.base/jdk.internal.reflect.NativeMethodAccessorImpl.invoke0(Native Method)
	at java.base/jdk.internal.reflect.NativeMethodAccessorImpl.invoke(NativeMethodAccessorImpl.java:62)
	at java.base/jdk.internal.reflect.DelegatingMethodAccessorImpl.invoke(DelegatingMethodAccessorImpl.java:43)
</failure>

      </testcase>

      <testcase classname="warmup.staff.QuadraticTest" name="testComplexRoots" time="0.001">
          <failure message="expected:&lt;[]&gt; but was:&lt;[0, 1]&gt;" type="junit.framework.AssertionFailedError">junit.framework.AssertionFailedError: expected:&lt;[]&gt; but was:&lt;[0, 1]&gt;
	at warmup.staff.QuadraticTest.testComplexRoots(QuadraticTest.java:43)
	at java.base/jdk.internal.reflect.NativeMethodAccessorImpl.invoke0(Native Method)
	at java.base/jdk.internal.reflect.NativeMethodAccessorImpl.invoke(NativeMethodAccessorImpl.java:62)
	at java.base/jdk.internal.reflect.DelegatingMethodAccessorImpl.invoke(DelegatingMethodAccessorImpl.java:43)
</failure>

      </testcase>

      <testcase classname="warmup.staff.QuadraticTest" name="testOneDegenerateRoot" time="0.002">
          <failure message="expected:&lt;[3]&gt; but was:&lt;[2147483647, 0]&gt;" type="junit.framework.AssertionFailedError">junit.framework.AssertionFailedError: expected:&lt;[3]&gt; but was:&lt;[2147483647, 0]&gt;
	at warmup.staff.QuadraticTest.testOneDegenerateRoot(QuadraticTest.java:30)
	at java.base/jdk.internal.reflect.NativeMethodAccessorImpl.invoke0(Native Method)
	at java.base/jdk.internal.reflect.NativeMethodAccessorImpl.invoke(NativeMethodAccessorImpl.java:62)
	at java.base/jdk.internal.reflect.DelegatingMethodAccessorImpl.invoke(DelegatingMethodAccessorImpl.java:43)
</failure>

      </testcase>

      <system-out><![CDATA[]]></system-out>

      <system-err><![CDATA[]]></system-err>

  </testsuite>
</testsuites>
